2016-05-19 13:46:56,882 [main] INFO  o.e.m.c.i.p.ProjectConfigurationManager - Update started
2016-05-19 13:47:02,472 [main] INFO  o.e.m.c.i.l.LifecycleMappingFactory - Using org.maven.ide.eclipse.wtp.WarLifecycleMapping lifecycle mapping for MavenProject: egovAll:egov-all:1.0.0 @ D:\eGovFrameDev-3.5.1-64bit\workspace\egov-all\pom.xml.
2016-05-19 13:47:09,011 [main] INFO  o.e.m.j.i.AbstractJavaProjectConfigurator - Adding source folder /egov-all/src/main/java
2016-05-19 13:47:09,011 [main] INFO  o.e.m.j.i.AbstractJavaProjectConfigurator - Adding resource folder /egov-all/src/main/resources
2016-05-19 13:47:09,024 [main] INFO  o.e.m.j.i.AbstractJavaProjectConfigurator - Adding source folder /egov-all/src/test/java
2016-05-19 13:47:09,025 [main] INFO  o.e.m.j.i.AbstractJavaProjectConfigurator - Adding resource folder /egov-all/src/test/resources
2016-05-19 13:47:09,084 [Worker-6] INFO  o.e.m.c.i.l.LifecycleMappingFactory - Using org.maven.ide.eclipse.wtp.WarLifecycleMapping lifecycle mapping for MavenProject: egovAll:egov-all:1.0.0 @ D:\eGovFrameDev-3.5.1-64bit\workspace\egov-all\pom.xml.
2016-05-19 13:47:11,071 [main] INFO  o.e.m.c.i.l.LifecycleMappingFactory - Using org.maven.ide.eclipse.wtp.WarLifecycleMapping lifecycle mapping for MavenProject: egovAll:egov-all:1.0.0 @ D:\eGovFrameDev-3.5.1-64bit\workspace\egov-all\pom.xml.
2016-05-19 13:47:11,628 [main] INFO  o.e.m.w.i.f.ResourceFilteringBuildParticipant - Cleaning filtered folder for egov-all
2016-05-19 13:47:11,648 [main] INFO  o.e.m.c.i.p.ProjectConfigurationManager - Update completed: 14 sec
2016-05-19 13:47:12,798 [Worker-8] INFO  o.e.m.c.i.l.LifecycleMappingFactory - Using org.maven.ide.eclipse.wtp.WarLifecycleMapping lifecycle mapping for MavenProject: egovAll:egov-all:1.0.0 @ D:\eGovFrameDev-3.5.1-64bit\workspace\egov-all\pom.xml.
2016-05-19 13:47:14,582 [Worker-8] WARN  o.e.m.c.i.embedder.EclipseLogger - Using platform encoding (UTF-8 actually) to copy filtered resources, i.e. build is platform dependent!
2016-05-19 13:47:14,596 [Worker-8] INFO  o.e.m.c.i.embedder.EclipseLogger - Copying 0 resource
2016-05-19 13:47:14,612 [Worker-8] WARN  o.e.m.c.i.embedder.EclipseLogger - Using platform encoding (UTF-8 actually) to copy filtered resources, i.e. build is platform dependent!
2016-05-19 13:47:14,618 [Worker-8] INFO  o.e.m.c.i.embedder.EclipseLogger - Copying 0 resource
2016-05-19 13:47:15,972 [Worker-2] INFO  o.e.m.c.i.l.LifecycleMappingFactory - Using org.maven.ide.eclipse.wtp.WarLifecycleMapping lifecycle mapping for MavenProject: egovAll:egov-all:1.0.0 @ D:\eGovFrameDev-3.5.1-64bit\workspace\egov-all\pom.xml.
2016-05-19 13:47:23,606 [Worker-5] WARN  o.e.m.c.i.embedder.EclipseLogger - Using platform encoding (UTF-8 actually) to copy filtered resources, i.e. build is platform dependent!
2016-05-19 13:47:23,615 [Worker-5] INFO  o.e.m.c.i.embedder.EclipseLogger - Copying 0 resource
2016-05-19 13:47:23,617 [Worker-5] WARN  o.e.m.c.i.embedder.EclipseLogger - Using platform encoding (UTF-8 actually) to copy filtered resources, i.e. build is platform dependent!
2016-05-19 13:47:23,627 [Worker-5] INFO  o.e.m.c.i.embedder.EclipseLogger - Copying 0 resource
2016-05-19 13:50:56,972 [Worker-29] INFO  o.e.m.c.i.l.LifecycleMappingFactory - Using org.maven.ide.eclipse.wtp.WarLifecycleMapping lifecycle mapping for MavenProject: egovAll:egov-all:1.0.0 @ D:\eGovFrameDev-3.5.1-64bit\workspace\egov-all\pom.xml.
2016-05-19 13:51:02,624 [Worker-29] WARN  o.e.m.c.i.embedder.EclipseLogger - Using platform encoding (UTF-8 actually) to copy filtered resources, i.e. build is platform dependent!
2016-05-19 13:51:02,731 [Worker-29] INFO  o.e.m.c.i.embedder.EclipseLogger - Copying 1746 resources
2016-05-19 13:51:08,706 [Worker-29] WARN  o.e.m.c.i.embedder.EclipseLogger - Using platform encoding (UTF-8 actually) to copy filtered resources, i.e. build is platform dependent!
2016-05-19 13:51:08,716 [Worker-29] INFO  o.e.m.c.i.embedder.EclipseLogger - Copying 0 resource
2016-05-19 13:51:08,716 [Worker-29] INFO  o.e.m.w.i.f.ResourceFilteringBuildParticipant - Changed resources require a complete clean of filtered resources of egov-all
2016-05-19 13:51:08,716 [Worker-29] INFO  o.e.m.w.i.f.ResourceFilteringBuildParticipant - Executing resource filtering for egov-all
2016-05-19 13:51:08,726 [Worker-29] WARN  o.e.m.c.i.embedder.EclipseLogger - Using platform encoding (UTF-8 actually) to copy filtered resources, i.e. build is platform dependent!
2016-05-19 13:55:57,183 [Worker-8] INFO  o.e.m.c.i.l.LifecycleMappingFactory - Using org.maven.ide.eclipse.wtp.WarLifecycleMapping lifecycle mapping for MavenProject: egovAll:egov-all:1.0.0 @ D:\eGovFrameDev-3.5.1-64bit\workspace\egov-all\pom.xml.
2016-05-19 13:56:02,475 [Worker-8] WARN  o.e.m.c.i.embedder.EclipseLogger - Using platform encoding (UTF-8 actually) to copy filtered resources, i.e. build is platform dependent!
2016-05-19 13:56:02,514 [Worker-8] INFO  o.e.m.c.i.embedder.EclipseLogger - Copying 0 resource
2016-05-19 13:56:02,526 [Worker-8] WARN  o.e.m.c.i.embedder.EclipseLogger - Using platform encoding (UTF-8 actually) to copy filtered resources, i.e. build is platform dependent!
2016-05-19 13:56:02,558 [Worker-8] INFO  o.e.m.c.i.embedder.EclipseLogger - Copying 0 resource
2016-05-19 13:56:02,561 [Worker-8] INFO  o.e.m.w.i.f.ResourceFilteringBuildParticipant - Changed resources require a complete clean of filtered resources of egov-all
2016-05-19 13:56:02,561 [Worker-8] INFO  o.e.m.w.i.f.ResourceFilteringBuildParticipant - Executing resource filtering for egov-all
2016-05-19 13:56:02,602 [Worker-8] WARN  o.e.m.c.i.embedder.EclipseLogger - Using platform encoding (UTF-8 actually) to copy filtered resources, i.e. build is platform dependent!
2016-05-19 13:58:21,922 [Worker-11] WARN  o.e.m.c.i.embedder.EclipseLogger - Using platform encoding (UTF-8 actually) to copy filtered resources, i.e. build is platform dependent!
2016-05-19 13:58:22,058 [Worker-11] INFO  o.e.m.c.i.embedder.EclipseLogger - Copying 1746 resources
2016-05-19 13:58:32,741 [Worker-11] WARN  o.e.m.c.i.embedder.EclipseLogger - Using platform encoding (UTF-8 actually) to copy filtered resources, i.e. build is platform dependent!
2016-05-19 13:58:32,741 [Worker-11] INFO  o.e.m.c.i.embedder.EclipseLogger - Copying 0 resource
2016-05-19 14:00:21,129 [Worker-2] INFO  o.e.m.c.i.l.LifecycleMappingFactory - Using org.maven.ide.eclipse.wtp.WarLifecycleMapping lifecycle mapping for MavenProject: egovAll:egov-all:1.0.0 @ D:\eGovFrameDev-3.5.1-64bit\workspace\egov-all\pom.xml.
2016-05-19 14:00:23,277 [Worker-2] WARN  o.e.m.c.i.embedder.EclipseLogger - Using platform encoding (UTF-8 actually) to copy filtered resources, i.e. build is platform dependent!
2016-05-19 14:00:23,316 [Worker-2] INFO  o.e.m.c.i.embedder.EclipseLogger - Copying 0 resource
2016-05-19 14:00:23,324 [Worker-2] WARN  o.e.m.c.i.embedder.EclipseLogger - Using platform encoding (UTF-8 actually) to copy filtered resources, i.e. build is platform dependent!
2016-05-19 14:00:23,330 [Worker-2] INFO  o.e.m.c.i.embedder.EclipseLogger - Copying 0 resource
2016-05-19 14:00:23,331 [Worker-2] INFO  o.e.m.w.i.f.ResourceFilteringBuildParticipant - Changed resources require a complete clean of filtered resources of egov-all
2016-05-19 14:00:23,331 [Worker-2] INFO  o.e.m.w.i.f.ResourceFilteringBuildParticipant - Executing resource filtering for egov-all
2016-05-19 14:00:23,334 [Worker-2] WARN  o.e.m.c.i.embedder.EclipseLogger - Using platform encoding (UTF-8 actually) to copy filtered resources, i.e. build is platform dependent!
2016-05-19 14:00:43,216 [Worker-24] WARN  o.e.m.c.i.embedder.EclipseLogger - Using platform encoding (UTF-8 actually) to copy filtered resources, i.e. build is platform dependent!
2016-05-19 14:00:43,327 [Worker-24] INFO  o.e.m.c.i.embedder.EclipseLogger - Copying 1746 resources
2016-05-19 14:00:52,431 [Worker-24] WARN  o.e.m.c.i.embedder.EclipseLogger - Using platform encoding (UTF-8 actually) to copy filtered resources, i.e. build is platform dependent!
2016-05-19 14:00:52,436 [Worker-24] INFO  o.e.m.c.i.embedder.EclipseLogger - Copying 0 resource
2016-05-19 14:08:31,457 [main] INFO  o.e.m.c.i.p.ProjectConfigurationManager - Update started
2016-05-19 14:08:31,550 [main] INFO  o.e.m.c.i.l.LifecycleMappingFactory - Using org.maven.ide.eclipse.wtp.WarLifecycleMapping lifecycle mapping for MavenProject: egovAll:egov-all:1.0.0 @ D:\eGovFrameDev-3.5.1-64bit\workspace\egov-all\pom.xml.
2016-05-19 14:08:32,363 [main] INFO  o.e.m.j.i.AbstractJavaProjectConfigurator - Adding source folder /egov-all/src/main/java
2016-05-19 14:08:32,363 [main] INFO  o.e.m.j.i.AbstractJavaProjectConfigurator - Adding resource folder /egov-all/src/main/resources
2016-05-19 14:08:32,373 [main] INFO  o.e.m.j.i.AbstractJavaProjectConfigurator - Adding source folder /egov-all/src/test/java
2016-05-19 14:08:32,373 [main] INFO  o.e.m.j.i.AbstractJavaProjectConfigurator - Adding resource folder /egov-all/src/test/resources
2016-05-19 14:08:32,766 [Worker-38] INFO  o.e.m.c.i.l.LifecycleMappingFactory - Using org.maven.ide.eclipse.wtp.WarLifecycleMapping lifecycle mapping for MavenProject: egovAll:egov-all:1.0.0 @ D:\eGovFrameDev-3.5.1-64bit\workspace\egov-all\pom.xml.
2016-05-19 14:08:33,191 [main] INFO  o.e.m.c.i.l.LifecycleMappingFactory - Using org.maven.ide.eclipse.wtp.WarLifecycleMapping lifecycle mapping for MavenProject: egovAll:egov-all:1.0.0 @ D:\eGovFrameDev-3.5.1-64bit\workspace\egov-all\pom.xml.
2016-05-19 14:08:33,924 [main] INFO  o.e.m.w.i.f.ResourceFilteringBuildParticipant - Cleaning filtered folder for egov-all
2016-05-19 14:08:33,945 [main] INFO  o.e.m.c.i.p.ProjectConfigurationManager - Update completed: 2 sec
2016-05-19 14:08:35,047 [Worker-39] INFO  o.e.m.c.i.l.LifecycleMappingFactory - Using org.maven.ide.eclipse.wtp.WarLifecycleMapping lifecycle mapping for MavenProject: egovAll:egov-all:1.0.0 @ D:\eGovFrameDev-3.5.1-64bit\workspace\egov-all\pom.xml.
2016-05-19 14:08:36,075 [Worker-39] WARN  o.e.m.c.i.embedder.EclipseLogger - Using platform encoding (UTF-8 actually) to copy filtered resources, i.e. build is platform dependent!
2016-05-19 14:08:36,079 [Worker-39] INFO  o.e.m.c.i.embedder.EclipseLogger - Copying 0 resource
2016-05-19 14:08:36,081 [Worker-39] WARN  o.e.m.c.i.embedder.EclipseLogger - Using platform encoding (UTF-8 actually) to copy filtered resources, i.e. build is platform dependent!
2016-05-19 14:08:36,097 [Worker-39] INFO  o.e.m.c.i.embedder.EclipseLogger - Copying 0 resource
2016-05-19 14:08:37,216 [Worker-37] INFO  o.e.m.c.i.l.LifecycleMappingFactory - Using org.maven.ide.eclipse.wtp.WarLifecycleMapping lifecycle mapping for MavenProject: egovAll:egov-all:1.0.0 @ D:\eGovFrameDev-3.5.1-64bit\workspace\egov-all\pom.xml.
2016-05-19 14:08:43,885 [Worker-37] WARN  o.e.m.c.i.embedder.EclipseLogger - Using platform encoding (UTF-8 actually) to copy filtered resources, i.e. build is platform dependent!
2016-05-19 14:08:43,890 [Worker-37] INFO  o.e.m.c.i.embedder.EclipseLogger - Copying 0 resource
2016-05-19 14:08:43,892 [Worker-37] WARN  o.e.m.c.i.embedder.EclipseLogger - Using platform encoding (UTF-8 actually) to copy filtered resources, i.e. build is platform dependent!
2016-05-19 14:08:43,896 [Worker-37] INFO  o.e.m.c.i.embedder.EclipseLogger - Copying 0 resource
2016-05-19 14:12:43,569 [Worker-43] INFO  o.e.m.c.i.l.LifecycleMappingFactory - Using org.maven.ide.eclipse.wtp.WarLifecycleMapping lifecycle mapping for MavenProject: egovAll:egov-all:1.0.0 @ D:\eGovFrameDev-3.5.1-64bit\workspace\egov-all\pom.xml.
2016-05-19 14:12:49,458 [Worker-43] WARN  o.e.m.c.i.embedder.EclipseLogger - Using platform encoding (UTF-8 actually) to copy filtered resources, i.e. build is platform dependent!
2016-05-19 14:12:49,508 [Worker-43] INFO  o.e.m.c.i.embedder.EclipseLogger - Copying 1746 resources
2016-05-19 14:13:05,567 [Worker-43] WARN  o.e.m.c.i.embedder.EclipseLogger - Using platform encoding (UTF-8 actually) to copy filtered resources, i.e. build is platform dependent!
2016-05-19 14:13:05,610 [Worker-43] INFO  o.e.m.c.i.embedder.EclipseLogger - Copying 0 resource
2016-05-19 14:13:05,610 [Worker-43] INFO  o.e.m.w.i.f.ResourceFilteringBuildParticipant - Changed resources require a complete clean of filtered resources of egov-all
2016-05-19 14:13:05,610 [Worker-43] INFO  o.e.m.w.i.f.ResourceFilteringBuildParticipant - Executing resource filtering for egov-all
2016-05-19 14:13:05,649 [Worker-43] WARN  o.e.m.c.i.embedder.EclipseLogger - Using platform encoding (UTF-8 actually) to copy filtered resources, i.e. build is platform dependent!
2016-05-19 14:17:22,487 [Worker-44] WARN  o.e.m.c.i.embedder.EclipseLogger - Using platform encoding (UTF-8 actually) to copy filtered resources, i.e. build is platform dependent!
2016-05-19 14:17:22,493 [Worker-44] INFO  o.e.m.c.i.embedder.EclipseLogger - Copying 1 resource
2016-05-19 14:17:22,496 [Worker-44] WARN  o.e.m.c.i.embedder.EclipseLogger - Using platform encoding (UTF-8 actually) to copy filtered resources, i.e. build is platform dependent!
2016-05-19 14:17:22,496 [Worker-44] INFO  o.e.m.c.i.embedder.EclipseLogger - Copying 0 resource
2016-05-19 14:19:26,824 [Worker-50] INFO  o.e.m.c.i.l.LifecycleMappingFactory - Using org.maven.ide.eclipse.wtp.WarLifecycleMapping lifecycle mapping for MavenProject: egovAll:egov-all:1.0.0 @ D:\eGovFrameDev-3.5.1-64bit\workspace\egov-all\pom.xml.
2016-05-19 14:19:29,232 [Worker-50] WARN  o.e.m.c.i.embedder.EclipseLogger - Using platform encoding (UTF-8 actually) to copy filtered resources, i.e. build is platform dependent!
2016-05-19 14:19:29,236 [Worker-50] INFO  o.e.m.c.i.embedder.EclipseLogger - Copying 0 resource
2016-05-19 14:19:29,237 [Worker-50] WARN  o.e.m.c.i.embedder.EclipseLogger - Using platform encoding (UTF-8 actually) to copy filtered resources, i.e. build is platform dependent!
2016-05-19 14:19:29,245 [Worker-50] INFO  o.e.m.c.i.embedder.EclipseLogger - Copying 0 resource
2016-05-19 14:19:29,245 [Worker-50] INFO  o.e.m.w.i.f.ResourceFilteringBuildParticipant - Changed resources require a complete clean of filtered resources of egov-all
2016-05-19 14:19:29,245 [Worker-50] INFO  o.e.m.w.i.f.ResourceFilteringBuildParticipant - Executing resource filtering for egov-all
2016-05-19 14:19:29,248 [Worker-50] WARN  o.e.m.c.i.embedder.EclipseLogger - Using platform encoding (UTF-8 actually) to copy filtered resources, i.e. build is platform dependent!
2016-05-19 14:19:45,648 [Worker-98] WARN  o.e.m.c.i.embedder.EclipseLogger - Using platform encoding (UTF-8 actually) to copy filtered resources, i.e. build is platform dependent!
2016-05-19 14:19:45,714 [Worker-98] INFO  o.e.m.c.i.embedder.EclipseLogger - Copying 1746 resources
2016-05-19 14:19:55,220 [Worker-98] WARN  o.e.m.c.i.embedder.EclipseLogger - Using platform encoding (UTF-8 actually) to copy filtered resources, i.e. build is platform dependent!
2016-05-19 14:19:55,230 [Worker-98] INFO  o.e.m.c.i.embedder.EclipseLogger - Copying 0 resource
2016-05-19 14:24:00,397 [Worker-91] WARN  o.e.m.c.i.embedder.EclipseLogger - Using platform encoding (UTF-8 actually) to copy filtered resources, i.e. build is platform dependent!
2016-05-19 14:24:03,343 [Worker-91] INFO  o.e.m.c.i.embedder.EclipseLogger - Copying 1746 resources
2016-05-19 14:24:04,703 [Worker-91] WARN  o.e.m.c.i.embedder.EclipseLogger - Using platform encoding (UTF-8 actually) to copy filtered resources, i.e. build is platform dependent!
2016-05-19 14:24:04,713 [Worker-91] INFO  o.e.m.c.i.embedder.EclipseLogger - Copying 0 resource
2016-05-19 14:24:07,632 [Worker-72] WARN  o.e.m.c.i.embedder.EclipseLogger - Using platform encoding (UTF-8 actually) to copy filtered resources, i.e. build is platform dependent!
2016-05-19 14:24:07,710 [Worker-72] INFO  o.e.m.c.i.embedder.EclipseLogger - Copying 1746 resources
2016-05-19 14:24:07,943 [Worker-72] WARN  o.e.m.c.i.embedder.EclipseLogger - Using platform encoding (UTF-8 actually) to copy filtered resources, i.e. build is platform dependent!
2016-05-19 14:24:07,974 [Worker-72] INFO  o.e.m.c.i.embedder.EclipseLogger - Copying 0 resource
2016-05-19 14:24:16,196 [Worker-121] WARN  o.e.m.c.i.embedder.EclipseLogger - Using platform encoding (UTF-8 actually) to copy filtered resources, i.e. build is platform dependent!
2016-05-19 14:24:16,271 [Worker-121] INFO  o.e.m.c.i.embedder.EclipseLogger - Copying 1746 resources
2016-05-19 14:24:16,471 [Worker-121] WARN  o.e.m.c.i.embedder.EclipseLogger - Using platform encoding (UTF-8 actually) to copy filtered resources, i.e. build is platform dependent!
2016-05-19 14:24:16,471 [Worker-121] INFO  o.e.m.c.i.embedder.EclipseLogger - Copying 0 resource
2016-05-19 14:24:21,133 [Worker-62] WARN  o.e.m.c.i.embedder.EclipseLogger - Using platform encoding (UTF-8 actually) to copy filtered resources, i.e. build is platform dependent!
2016-05-19 14:24:21,203 [Worker-62] INFO  o.e.m.c.i.embedder.EclipseLogger - Copying 1746 resources
2016-05-19 14:24:21,447 [Worker-62] WARN  o.e.m.c.i.embedder.EclipseLogger - Using platform encoding (UTF-8 actually) to copy filtered resources, i.e. build is platform dependent!
2016-05-19 14:24:21,471 [Worker-62] INFO  o.e.m.c.i.embedder.EclipseLogger - Copying 0 resource
2016-05-19 14:25:33,174 [Worker-51] WARN  o.e.m.c.i.embedder.EclipseLogger - Using platform encoding (UTF-8 actually) to copy filtered resources, i.e. build is platform dependent!
2016-05-19 14:25:33,352 [Worker-51] INFO  o.e.m.c.i.embedder.EclipseLogger - Copying 0 resource
2016-05-19 14:25:33,362 [Worker-51] WARN  o.e.m.c.i.embedder.EclipseLogger - Using platform encoding (UTF-8 actually) to copy filtered resources, i.e. build is platform dependent!
2016-05-19 14:25:33,362 [Worker-51] INFO  o.e.m.c.i.embedder.EclipseLogger - Copying 0 resource
2016-05-19 14:25:47,454 [Worker-75] WARN  o.e.m.c.i.embedder.EclipseLogger - Using platform encoding (UTF-8 actually) to copy filtered resources, i.e. build is platform dependent!
2016-05-19 14:25:49,452 [Worker-75] INFO  o.e.m.c.i.embedder.EclipseLogger - Copying 1746 resources
2016-05-19 14:25:50,781 [Worker-75] WARN  o.e.m.c.i.embedder.EclipseLogger - Using platform encoding (UTF-8 actually) to copy filtered resources, i.e. build is platform dependent!
2016-05-19 14:25:50,781 [Worker-75] INFO  o.e.m.c.i.embedder.EclipseLogger - Copying 0 resource
2016-05-19 14:26:34,579 [Worker-69] WARN  o.e.m.c.i.embedder.EclipseLogger - Using platform encoding (UTF-8 actually) to copy filtered resources, i.e. build is platform dependent!
2016-05-19 14:26:34,679 [Worker-69] INFO  o.e.m.c.i.embedder.EclipseLogger - Copying 1746 resources
2016-05-19 14:26:34,879 [Worker-69] WARN  o.e.m.c.i.embedder.EclipseLogger - Using platform encoding (UTF-8 actually) to copy filtered resources, i.e. build is platform dependent!
2016-05-19 14:26:34,889 [Worker-69] INFO  o.e.m.c.i.embedder.EclipseLogger - Copying 0 resource
2016-05-19 14:27:36,626 [Worker-90] WARN  o.e.m.c.i.embedder.EclipseLogger - Using platform encoding (UTF-8 actually) to copy filtered resources, i.e. build is platform dependent!
2016-05-19 14:27:36,708 [Worker-90] INFO  o.e.m.c.i.embedder.EclipseLogger - Copying 1746 resources
2016-05-19 14:27:36,918 [Worker-90] WARN  o.e.m.c.i.embedder.EclipseLogger - Using platform encoding (UTF-8 actually) to copy filtered resources, i.e. build is platform dependent!
2016-05-19 14:27:36,918 [Worker-90] INFO  o.e.m.c.i.embedder.EclipseLogger - Copying 0 resource
2016-05-19 14:30:21,511 [Worker-94] WARN  o.e.m.c.i.embedder.EclipseLogger - Using platform encoding (UTF-8 actually) to copy filtered resources, i.e. build is platform dependent!
2016-05-19 14:30:21,603 [Worker-94] INFO  o.e.m.c.i.embedder.EclipseLogger - Copying 1746 resources
2016-05-19 14:30:24,271 [Worker-94] WARN  o.e.m.c.i.embedder.EclipseLogger - Using platform encoding (UTF-8 actually) to copy filtered resources, i.e. build is platform dependent!
2016-05-19 14:30:24,303 [Worker-94] INFO  o.e.m.c.i.embedder.EclipseLogger - Copying 0 resource
2016-05-19 14:31:55,683 [Worker-84] WARN  o.e.m.c.i.embedder.EclipseLogger - Using platform encoding (UTF-8 actually) to copy filtered resources, i.e. build is platform dependent!
2016-05-19 14:31:55,745 [Worker-84] INFO  o.e.m.c.i.embedder.EclipseLogger - Copying 1746 resources
2016-05-19 14:31:55,932 [Worker-84] WARN  o.e.m.c.i.embedder.EclipseLogger - Using platform encoding (UTF-8 actually) to copy filtered resources, i.e. build is platform dependent!
2016-05-19 14:31:55,969 [Worker-84] INFO  o.e.m.c.i.embedder.EclipseLogger - Copying 0 resource
2016-05-19 14:33:12,440 [Worker-126] WARN  o.e.m.c.i.embedder.EclipseLogger - Using platform encoding (UTF-8 actually) to copy filtered resources, i.e. build is platform dependent!
2016-05-19 14:33:12,450 [Worker-126] INFO  o.e.m.c.i.embedder.EclipseLogger - Copying 0 resource
2016-05-19 14:33:12,450 [Worker-126] WARN  o.e.m.c.i.embedder.EclipseLogger - Using platform encoding (UTF-8 actually) to copy filtered resources, i.e. build is platform dependent!
2016-05-19 14:33:12,450 [Worker-126] INFO  o.e.m.c.i.embedder.EclipseLogger - Copying 0 resource
2016-05-19 14:34:03,746 [Worker-83] WARN  o.e.m.c.i.embedder.EclipseLogger - Using platform encoding (UTF-8 actually) to copy filtered resources, i.e. build is platform dependent!
2016-05-19 14:34:03,757 [Worker-83] INFO  o.e.m.c.i.embedder.EclipseLogger - Copying 0 resource
2016-05-19 14:34:03,759 [Worker-83] WARN  o.e.m.c.i.embedder.EclipseLogger - Using platform encoding (UTF-8 actually) to copy filtered resources, i.e. build is platform dependent!
2016-05-19 14:34:03,766 [Worker-83] INFO  o.e.m.c.i.embedder.EclipseLogger - Copying 0 resource
2016-05-19 14:58:25,590 [main] INFO  o.e.m.c.i.p.ProjectConfigurationManager - Update started
2016-05-19 14:58:26,310 [main] INFO  o.e.m.c.i.l.LifecycleMappingFactory - Using org.maven.ide.eclipse.wtp.WarLifecycleMapping lifecycle mapping for MavenProject: g:g:1.0.0 @ D:\eGovFrameDev-3.5.1-64bit\workspace\g\pom.xml.
2016-05-19 14:58:28,140 [main] INFO  o.e.m.j.i.AbstractJavaProjectConfigurator - Adding source folder /g/src/main/java
2016-05-19 14:58:28,140 [main] INFO  o.e.m.j.i.AbstractJavaProjectConfigurator - Adding resource folder /g/src/main/resources
2016-05-19 14:58:28,150 [main] INFO  o.e.m.j.i.AbstractJavaProjectConfigurator - Adding source folder /g/src/test/java
2016-05-19 14:58:28,150 [main] INFO  o.e.m.j.i.AbstractJavaProjectConfigurator - Adding resource folder /g/src/test/resources
2016-05-19 14:58:29,282 [main] INFO  o.e.m.c.i.l.LifecycleMappingFactory - Using org.maven.ide.eclipse.wtp.WarLifecycleMapping lifecycle mapping for MavenProject: g:g:1.0.0 @ D:\eGovFrameDev-3.5.1-64bit\workspace\g\pom.xml.
2016-05-19 14:58:29,384 [Worker-147] INFO  o.e.m.c.i.l.LifecycleMappingFactory - Using org.maven.ide.eclipse.wtp.WarLifecycleMapping lifecycle mapping for MavenProject: g:g:1.0.0 @ D:\eGovFrameDev-3.5.1-64bit\workspace\g\pom.xml.
2016-05-19 14:58:30,504 [main] INFO  o.e.m.w.i.f.ResourceFilteringBuildParticipant - Cleaning filtered folder for g
2016-05-19 14:58:30,514 [main] INFO  o.e.m.c.i.p.ProjectConfigurationManager - Update completed: 4 sec
2016-05-19 14:58:31,949 [Worker-148] INFO  o.e.m.c.i.l.LifecycleMappingFactory - Using org.maven.ide.eclipse.wtp.WarLifecycleMapping lifecycle mapping for MavenProject: g:g:1.0.0 @ D:\eGovFrameDev-3.5.1-64bit\workspace\g\pom.xml.
2016-05-19 14:58:32,091 [Worker-149] INFO  o.e.m.c.i.l.LifecycleMappingFactory - Using org.maven.ide.eclipse.wtp.WarLifecycleMapping lifecycle mapping for MavenProject: g:g:1.0.0 @ D:\eGovFrameDev-3.5.1-64bit\workspace\g\pom.xml.
2016-05-19 14:58:33,146 [Worker-149] WARN  o.e.m.c.i.embedder.EclipseLogger - Using platform encoding (UTF-8 actually) to copy filtered resources, i.e. build is platform dependent!
2016-05-19 14:58:33,151 [Worker-149] INFO  o.e.m.c.i.embedder.EclipseLogger - Copying 0 resource
2016-05-19 14:58:33,152 [Worker-149] WARN  o.e.m.c.i.embedder.EclipseLogger - Using platform encoding (UTF-8 actually) to copy filtered resources, i.e. build is platform dependent!
2016-05-19 14:58:33,166 [Worker-149] INFO  o.e.m.c.i.embedder.EclipseLogger - Copying 0 resource
2016-05-19 14:58:34,528 [Worker-145] INFO  o.e.m.c.i.l.LifecycleMappingFactory - Using org.maven.ide.eclipse.wtp.WarLifecycleMapping lifecycle mapping for MavenProject: g:g:1.0.0 @ D:\eGovFrameDev-3.5.1-64bit\workspace\g\pom.xml.
2016-05-19 14:58:35,990 [Worker-151] WARN  o.e.m.c.i.embedder.EclipseLogger - Using platform encoding (UTF-8 actually) to copy filtered resources, i.e. build is platform dependent!
2016-05-19 14:58:35,999 [Worker-151] INFO  o.e.m.c.i.embedder.EclipseLogger - Copying 0 resource
2016-05-19 14:58:36,000 [Worker-151] WARN  o.e.m.c.i.embedder.EclipseLogger - Using platform encoding (UTF-8 actually) to copy filtered resources, i.e. build is platform dependent!
2016-05-19 14:58:36,005 [Worker-151] INFO  o.e.m.c.i.embedder.EclipseLogger - Copying 0 resource
2016-05-19 15:01:19,838 [Worker-159] INFO  o.e.m.c.i.l.LifecycleMappingFactory - Using org.maven.ide.eclipse.wtp.WarLifecycleMapping lifecycle mapping for MavenProject: g:g:1.0.0 @ D:\eGovFrameDev-3.5.1-64bit\workspace\g\pom.xml.
2016-05-19 15:01:23,524 [Worker-159] WARN  o.e.m.c.i.embedder.EclipseLogger - Using platform encoding (UTF-8 actually) to copy filtered resources, i.e. build is platform dependent!
2016-05-19 15:01:23,554 [Worker-159] INFO  o.e.m.c.i.embedder.EclipseLogger - Copying 164 resources
2016-05-19 15:01:24,980 [Worker-159] WARN  o.e.m.c.i.embedder.EclipseLogger - Using platform encoding (UTF-8 actually) to copy filtered resources, i.e. build is platform dependent!
2016-05-19 15:01:24,984 [Worker-159] INFO  o.e.m.c.i.embedder.EclipseLogger - Copying 0 resource
2016-05-19 15:01:24,985 [Worker-159] INFO  o.e.m.w.i.f.ResourceFilteringBuildParticipant - Changed resources require a complete clean of filtered resources of g
2016-05-19 15:01:24,985 [Worker-159] INFO  o.e.m.w.i.f.ResourceFilteringBuildParticipant - Executing resource filtering for g
2016-05-19 15:01:27,211 [Worker-159] WARN  o.e.m.c.i.embedder.EclipseLogger - Using platform encoding (UTF-8 actually) to copy filtered resources, i.e. build is platform dependent!
2016-05-19 15:01:51,665 [Worker-161] WARN  o.e.m.c.i.embedder.EclipseLogger - Using platform encoding (UTF-8 actually) to copy filtered resources, i.e. build is platform dependent!
2016-05-19 15:01:51,686 [Worker-161] INFO  o.e.m.c.i.embedder.EclipseLogger - Copying 164 resources
2016-05-19 15:01:52,137 [Worker-161] WARN  o.e.m.c.i.embedder.EclipseLogger - Using platform encoding (UTF-8 actually) to copy filtered resources, i.e. build is platform dependent!
2016-05-19 15:01:52,151 [Worker-161] INFO  o.e.m.c.i.embedder.EclipseLogger - Copying 0 resource
2016-05-23 09:20:48,997 [Worker-7] WARN  o.e.m.c.i.embedder.EclipseLogger - Using platform encoding (UTF-8 actually) to copy filtered resources, i.e. build is platform dependent!
2016-05-23 09:20:49,374 [Worker-7] INFO  o.e.m.c.i.embedder.EclipseLogger - Copying 1744 resources
2016-05-23 09:21:03,301 [Worker-7] WARN  o.e.m.c.i.embedder.EclipseLogger - Using platform encoding (UTF-8 actually) to copy filtered resources, i.e. build is platform dependent!
2016-05-23 09:21:03,306 [Worker-7] INFO  o.e.m.c.i.embedder.EclipseLogger - Copying 0 resource
2016-05-23 09:23:33,453 [Worker-8] WARN  o.e.m.c.i.embedder.EclipseLogger - Using platform encoding (UTF-8 actually) to copy filtered resources, i.e. build is platform dependent!
2016-05-23 09:23:33,474 [Worker-8] INFO  o.e.m.c.i.embedder.EclipseLogger - Copying 1 resource
2016-05-23 09:23:33,481 [Worker-8] WARN  o.e.m.c.i.embedder.EclipseLogger - Using platform encoding (UTF-8 actually) to copy filtered resources, i.e. build is platform dependent!
2016-05-23 09:23:33,485 [Worker-8] INFO  o.e.m.c.i.embedder.EclipseLogger - Copying 0 resource
